<?xml version="1.0" encoding="UTF-8"?>
<!-- Generated by org.testng.reporters.JUnitReportReporter -->
<testsuite skipped="0" hostname="Dell-Ankitpawar" name="tests.TestCase1" tests="1" failures="0" timestamp="2022-03-25T23:45:18 IST" time="2.363" errors="0">
  <testcase name="postRequest" time="2.363" classname="tests.TestCase1"/>
  <system-out/>
</testsuite> <!-- tests.TestCase1 -->
