<?xml version="1.0" encoding="UTF-8"?>
<!-- Generated by org.testng.reporters.JUnitReportReporter -->
<testsuite skipped="0" hostname="Dell-Ankitpawar" name="tests.JSONSchemaValidator" tests="1" failures="0" timestamp="2022-03-26T00:00:41 IST" time="1.906" errors="0">
  <testcase name="validateJSONSchema" time="1.906" classname="tests.JSONSchemaValidator"/>
  <system-out/>
</testsuite> <!-- tests.JSONSchemaValidator -->
